[debug] [2021-01-29T10:53:57.535Z] ----------------------------------------------------------------------
[debug] [2021-01-29T10:53:57.537Z] Command:       C:\Program Files\nodejs\node.exe C:\Users\prince\AppData\Roaming\npm\node_modules\firebase-tools\lib\bin\firebase.js emulators:start
[debug] [2021-01-29T10:53:57.537Z] CLI Version:   9.2.2
[debug] [2021-01-29T10:53:57.537Z] Platform:      win32
[debug] [2021-01-29T10:53:57.537Z] Node Version:  v12.13.1
[debug] [2021-01-29T10:53:57.538Z] Time:          Fri Jan 29 2021 10:53:57 GMT+0000 (Greenwich Mean Time)
[debug] [2021-01-29T10:53:57.538Z] ----------------------------------------------------------------------
[debug] [2021-01-29T10:53:57.538Z] 
[debug] [2021-01-29T10:53:57.545Z] > command requires scopes: ["email","openid","https://www.googleapis.com/auth/cloudplatformprojects.readonly","https://www.googleapis.com/auth/firebase","https://www.googleapis.com/auth/cloud-platform"]
[debug] [2021-01-29T10:53:57.546Z] > authorizing via signed-in user
[info] i  emulators: Starting emulators: functions, hosting {"metadata":{"emulator":{"name":"hub"},"message":"Starting emulators: functions, hosting"}}
[debug] [2021-01-29T10:53:59.581Z] [hub] writing locator at C:\Users\prince\AppData\Local\Temp\hub-clone-1312b.json
[warn] !  functions: The following emulators are not running, calls to these services from the Functions emulator will affect production: auth, firestore, database, pubsub {"metadata":{"emulator":{"name":"functions"},"message":"The following emulators are not running, calls to these services from the Functions emulator will affect production: \u001b[1mauth, firestore, database, pubsub\u001b[22m"}}
[info] +  functions: Using node@12 from host. {"metadata":{"emulator":{"name":"functions"},"message":"Using node@12 from host."}}
[debug] [2021-01-29T10:54:01.634Z] defaultcredentials: writing to file C:\Users\prince\AppData\Roaming\firebase\prince_anniekwadwo_gmail.com_application_default_credentials.json
[debug] [2021-01-29T10:54:01.640Z] Setting GAC to C:\Users\prince\AppData\Roaming\firebase\prince_anniekwadwo_gmail.com_application_default_credentials.json {"metadata":{"emulator":{"name":"functions"},"message":"Setting GAC to C:\\Users\\prince\\AppData\\Roaming\\firebase\\prince_anniekwadwo_gmail.com_application_default_credentials.json"}}
[debug] [2021-01-29T10:54:01.647Z] > refreshing access token with scopes: []
[debug] [2021-01-29T10:54:01.648Z] >>> HTTP REQUEST POST https://www.googleapis.com/oauth2/v3/token  
 <request body omitted>
[debug] [2021-01-29T10:54:02.344Z] <<< HTTP RESPONSE 200 {"cache-control":"no-cache, no-store, max-age=0, must-revalidate","date":"Fri, 29 Jan 2021 11:03:47 GMT","pragma":"no-cache","expires":"Mon, 01 Jan 1990 00:00:00 GMT","content-type":"application/json; charset=utf-8","vary":"X-Origin, Referer, Origin,Accept-Encoding","server":"scaffolding on HTTPServer2","x-xss-protection":"0","x-frame-options":"SAMEORIGIN","x-content-type-options":"nosniff","alt-svc":"h3-29=\":443\"; ma=2592000,h3-T051=\":443\"; ma=2592000,h3-Q050=\":443\"; ma=2592000,h3-Q046=\":443\"; ma=2592000,h3-Q043=\":443\"; ma=2592000,quic=\":443\"; ma=2592000; v=\"46,43\"","accept-ranges":"none","transfer-encoding":"chunked"}
[debug] [2021-01-29T10:54:02.377Z] >>> [apiv2][query] GET https://firebase.googleapis.com/v1beta1/projects/clone-1312b/adminSdkConfig [none]
[debug] [2021-01-29T10:54:03.215Z] <<< [apiv2][status] GET https://firebase.googleapis.com/v1beta1/projects/clone-1312b/adminSdkConfig 200
[debug] [2021-01-29T10:54:03.215Z] <<< [apiv2][body] GET https://firebase.googleapis.com/v1beta1/projects/clone-1312b/adminSdkConfig {"projectId":"clone-1312b","storageBucket":"clone-1312b.appspot.com","locationId":"us-central"}
[debug] [2021-01-29T10:54:05.262Z] >>> [apiv2][query] GET https://firebase.googleapis.com/v1beta1/projects/clone-1312b/webApps/-/config [none]
[debug] [2021-01-29T10:54:06.580Z] <<< [apiv2][status] GET https://firebase.googleapis.com/v1beta1/projects/clone-1312b/webApps/-/config 200
[debug] [2021-01-29T10:54:06.581Z] <<< [apiv2][body] GET https://firebase.googleapis.com/v1beta1/projects/clone-1312b/webApps/-/config {"projectId":"clone-1312b","appId":"1:270305044454:web:6dec328913cfab61991827","storageBucket":"clone-1312b.appspot.com","locationId":"us-central","apiKey":"AIzaSyDm04b17Zl9Xc1xZozKC0DiKc-ahwiOqpQ","authDomain":"clone-1312b.firebaseapp.com","messagingSenderId":"270305044454","measurementId":"G-B4QFJKVXG0"}
[info] i  hosting: Serving hosting files from: build {"metadata":{"emulator":{"name":"hosting"},"message":"Serving hosting files from: \u001b[1mbuild\u001b[22m"}}
[info] +  hosting: Local server: http://localhost:5000 {"metadata":{"emulator":{"name":"hosting"},"message":"Local server: \u001b[4m\u001b[1mhttp://localhost:5000\u001b[22m\u001b[24m"}}
[warn] !  ui: Emulator UI unable to start on port 4000, starting on 4001 instead. {"metadata":{"emulator":{"name":"ui"},"message":"Emulator UI unable to start on port 4000, starting on 4001 instead."}}
[debug] [2021-01-29T10:54:08.703Z] Ignoring unsupported arg: auto_download {"metadata":{"emulator":{"name":"ui"},"message":"Ignoring unsupported arg: auto_download"}}
[debug] [2021-01-29T10:54:08.703Z] Ignoring unsupported arg: port {"metadata":{"emulator":{"name":"ui"},"message":"Ignoring unsupported arg: port"}}
[debug] [2021-01-29T10:54:08.703Z] Starting Emulator UI with command {"binary":"node","args":["C:\\Users\\prince\\.cache\\firebase\\emulators\\ui-v1.4.1\\server.bundle.js"],"optionalArgs":[],"joinArgs":false} {"metadata":{"emulator":{"name":"ui"},"message":"Starting Emulator UI with command {\"binary\":\"node\",\"args\":[\"C:\\\\Users\\\\prince\\\\.cache\\\\firebase\\\\emulators\\\\ui-v1.4.1\\\\server.bundle.js\"],\"optionalArgs\":[],\"joinArgs\":false}"}}
[info] i  ui: Emulator UI logging to ui-debug.log {"metadata":{"emulator":{"name":"ui"},"message":"Emulator UI logging to \u001b[1mui-debug.log\u001b[22m"}}
[debug] [2021-01-29T10:54:08.806Z] Web / API server started at http://localhost:4001
 {"metadata":{"emulator":{"name":"ui"},"message":"Web / API server started at http://localhost:4001\n"}}
[info] i  functions: Watching "C:\Users\prince\Documents\GitHub Projects\amazon_clone\functions" for Cloud Functions... {"metadata":{"emulator":{"name":"functions"},"message":"Watching \"C:\\Users\\prince\\Documents\\GitHub Projects\\amazon_clone\\functions\" for Cloud Functions..."}}
[debug] [2021-01-29T10:54:09.244Z] [worker-pool] addWorker(~diagnostic~) {"metadata":{"emulator":{"name":"functions"},"message":"[worker-pool] addWorker(~diagnostic~)"}}
[debug] [2021-01-29T10:54:09.245Z] [worker-pool] Adding worker with key ~diagnostic~, total=1 {"metadata":{"emulator":{"name":"functions"},"message":"[worker-pool] Adding worker with key ~diagnostic~, total=1"}}
[debug] [2021-01-29T10:54:09.245Z] [worker-pool] submitWork(triggerId=) {"metadata":{"emulator":{"name":"functions"},"message":"[worker-pool] submitWork(triggerId=)"}}
[debug] [2021-01-29T10:54:09.246Z] [worker-~diagnostic~-ad6017d6-11ec-454d-bcf0-afeeb286717d]: Assigning socketPath: \\?\pipe\C:\Users\prince\Documents\GitHub Projects\amazon_clone\functions\12816 {"metadata":{"emulator":{"name":"functions"},"message":"[worker-~diagnostic~-ad6017d6-11ec-454d-bcf0-afeeb286717d]: Assigning socketPath: \\\\?\\pipe\\C:\\Users\\prince\\Documents\\GitHub Projects\\amazon_clone\\functions\\12816"}}
[debug] [2021-01-29T10:54:09.246Z] [worker-~diagnostic~-ad6017d6-11ec-454d-bcf0-afeeb286717d]: BUSY {"metadata":{"emulator":{"name":"functions"},"message":"[worker-~diagnostic~-ad6017d6-11ec-454d-bcf0-afeeb286717d]: BUSY"}}
[debug] [2021-01-29T10:54:09.431Z] [runtime-status] [12816] Functions runtime initialized. {"cwd":"C:\\Users\\prince\\Documents\\GitHub Projects\\amazon_clone\\functions","node_version":"12.13.1"} {"metadata":{"emulator":{"name":"functions"},"message":"[runtime-status] [12816] Functions runtime initialized. {\"cwd\":\"C:\\\\Users\\\\prince\\\\Documents\\\\GitHub Projects\\\\amazon_clone\\\\functions\",\"node_version\":\"12.13.1\"}"}}
[debug] [2021-01-29T10:54:09.432Z] [runtime-status] [12816] Disabled runtime features: undefined {"metadata":{"emulator":{"name":"functions"},"message":"[runtime-status] [12816] Disabled runtime features: undefined"}}
[debug] [2021-01-29T10:54:09.434Z] [runtime-status] [12816] Resolved module firebase-admin {"declared":true,"installed":true,"version":"9.4.2","resolution":"C:\\Users\\prince\\Documents\\GitHub Projects\\amazon_clone\\functions\\node_modules\\firebase-admin\\lib\\index.js"} {"metadata":{"emulator":{"name":"functions"},"message":"[runtime-status] [12816] Resolved module firebase-admin {\"declared\":true,\"installed\":true,\"version\":\"9.4.2\",\"resolution\":\"C:\\\\Users\\\\prince\\\\Documents\\\\GitHub Projects\\\\amazon_clone\\\\functions\\\\node_modules\\\\firebase-admin\\\\lib\\\\index.js\"}"}}
[debug] [2021-01-29T10:54:09.436Z] [runtime-status] [12816] Resolved module firebase-functions {"declared":true,"installed":true,"version":"3.13.1","resolution":"C:\\Users\\prince\\Documents\\GitHub Projects\\amazon_clone\\functions\\node_modules\\firebase-functions\\lib\\index.js"} {"metadata":{"emulator":{"name":"functions"},"message":"[runtime-status] [12816] Resolved module firebase-functions {\"declared\":true,\"installed\":true,\"version\":\"3.13.1\",\"resolution\":\"C:\\\\Users\\\\prince\\\\Documents\\\\GitHub Projects\\\\amazon_clone\\\\functions\\\\node_modules\\\\firebase-functions\\\\lib\\\\index.js\"}"}}
[debug] [2021-01-29T10:54:09.437Z] [runtime-status] [12816] Resolved module firebase-functions {"declared":true,"installed":true,"version":"3.13.1","resolution":"C:\\Users\\prince\\Documents\\GitHub Projects\\amazon_clone\\functions\\node_modules\\firebase-functions\\lib\\index.js"} {"metadata":{"emulator":{"name":"functions"},"message":"[runtime-status] [12816] Resolved module firebase-functions {\"declared\":true,\"installed\":true,\"version\":\"3.13.1\",\"resolution\":\"C:\\\\Users\\\\prince\\\\Documents\\\\GitHub Projects\\\\amazon_clone\\\\functions\\\\node_modules\\\\firebase-functions\\\\lib\\\\index.js\"}"}}
[debug] [2021-01-29T10:54:09.438Z] [runtime-status] [12816] Outgoing network have been stubbed. [{"name":"http","status":"mocked"},{"name":"http","status":"mocked"},{"name":"https","status":"mocked"},{"name":"https","status":"mocked"},{"name":"net","status":"mocked"}] {"metadata":{"emulator":{"name":"functions"},"message":"[runtime-status] [12816] Outgoing network have been stubbed. [{\"name\":\"http\",\"status\":\"mocked\"},{\"name\":\"http\",\"status\":\"mocked\"},{\"name\":\"https\",\"status\":\"mocked\"},{\"name\":\"https\",\"status\":\"mocked\"},{\"name\":\"net\",\"status\":\"mocked\"}]"}}
[debug] [2021-01-29T10:54:09.438Z] [runtime-status] [12816] Resolved module firebase-functions {"declared":true,"installed":true,"version":"3.13.1","resolution":"C:\\Users\\prince\\Documents\\GitHub Projects\\amazon_clone\\functions\\node_modules\\firebase-functions\\lib\\index.js"} {"metadata":{"emulator":{"name":"functions"},"message":"[runtime-status] [12816] Resolved module firebase-functions {\"declared\":true,\"installed\":true,\"version\":\"3.13.1\",\"resolution\":\"C:\\\\Users\\\\prince\\\\Documents\\\\GitHub Projects\\\\amazon_clone\\\\functions\\\\node_modules\\\\firebase-functions\\\\lib\\\\index.js\"}"}}
[debug] [2021-01-29T10:54:09.475Z] [runtime-status] [12816] Checked functions.config() {"config":{}} {"metadata":{"emulator":{"name":"functions"},"message":"[runtime-status] [12816] Checked functions.config() {\"config\":{}}"}}
[debug] [2021-01-29T10:54:09.475Z] [runtime-status] [12816] firebase-functions has been stubbed. {"functionsResolution":{"declared":true,"installed":true,"version":"3.13.1","resolution":"C:\\Users\\prince\\Documents\\GitHub Projects\\amazon_clone\\functions\\node_modules\\firebase-functions\\lib\\index.js"}} {"metadata":{"emulator":{"name":"functions"},"message":"[runtime-status] [12816] firebase-functions has been stubbed. {\"functionsResolution\":{\"declared\":true,\"installed\":true,\"version\":\"3.13.1\",\"resolution\":\"C:\\\\Users\\\\prince\\\\Documents\\\\GitHub Projects\\\\amazon_clone\\\\functions\\\\node_modules\\\\firebase-functions\\\\lib\\\\index.js\"}}"}}
[debug] [2021-01-29T10:54:09.476Z] [runtime-status] [12816] Resolved module firebase-functions {"declared":true,"installed":true,"version":"3.13.1","resolution":"C:\\Users\\prince\\Documents\\GitHub Projects\\amazon_clone\\functions\\node_modules\\firebase-functions\\lib\\index.js"} {"metadata":{"emulator":{"name":"functions"},"message":"[runtime-status] [12816] Resolved module firebase-functions {\"declared\":true,\"installed\":true,\"version\":\"3.13.1\",\"resolution\":\"C:\\\\Users\\\\prince\\\\Documents\\\\GitHub Projects\\\\amazon_clone\\\\functions\\\\node_modules\\\\firebase-functions\\\\lib\\\\index.js\"}"}}
[debug] [2021-01-29T10:54:09.477Z] [runtime-status] [12816] Resolved module firebase-admin {"declared":true,"installed":true,"version":"9.4.2","resolution":"C:\\Users\\prince\\Documents\\GitHub Projects\\amazon_clone\\functions\\node_modules\\firebase-admin\\lib\\index.js"} {"metadata":{"emulator":{"name":"functions"},"message":"[runtime-status] [12816] Resolved module firebase-admin {\"declared\":true,\"installed\":true,\"version\":\"9.4.2\",\"resolution\":\"C:\\\\Users\\\\prince\\\\Documents\\\\GitHub Projects\\\\amazon_clone\\\\functions\\\\node_modules\\\\firebase-admin\\\\lib\\\\index.js\"}"}}
[debug] [2021-01-29T10:54:09.477Z] [runtime-status] [12816] Resolved module firebase-functions {"declared":true,"installed":true,"version":"3.13.1","resolution":"C:\\Users\\prince\\Documents\\GitHub Projects\\amazon_clone\\functions\\node_modules\\firebase-functions\\lib\\index.js"} {"metadata":{"emulator":{"name":"functions"},"message":"[runtime-status] [12816] Resolved module firebase-functions {\"declared\":true,\"installed\":true,\"version\":\"3.13.1\",\"resolution\":\"C:\\\\Users\\\\prince\\\\Documents\\\\GitHub Projects\\\\amazon_clone\\\\functions\\\\node_modules\\\\firebase-functions\\\\lib\\\\index.js\"}"}}
[debug] [2021-01-29T10:54:09.477Z] [runtime-status] [12816] firebase-admin has been stubbed. {"adminResolution":{"declared":true,"installed":true,"version":"9.4.2","resolution":"C:\\Users\\prince\\Documents\\GitHub Projects\\amazon_clone\\functions\\node_modules\\firebase-admin\\lib\\index.js"}} {"metadata":{"emulator":{"name":"functions"},"message":"[runtime-status] [12816] firebase-admin has been stubbed. {\"adminResolution\":{\"declared\":true,\"installed\":true,\"version\":\"9.4.2\",\"resolution\":\"C:\\\\Users\\\\prince\\\\Documents\\\\GitHub Projects\\\\amazon_clone\\\\functions\\\\node_modules\\\\firebase-admin\\\\lib\\\\index.js\"}}"}}
[info] +  functions[api]: http function initialized (http://localhost:5001/clone-1312b/us-central1/api). {"metadata":{"emulator":{"name":"functions"},"message":"\u001b[1mhttp\u001b[22m function initialized (http://localhost:5001/clone-1312b/us-central1/api)."}}
[info] 
┌─────────────────────────────────────────────────────────────┐
│ ✔  All emulators ready! It is now safe to connect your app. │
│ i  View Emulator UI at http://localhost:4001                │
└─────────────────────────────────────────────────────────────┘

┌───────────┬────────────────┬─────────────────────────────────┐
│ Emulator  │ Host:Port      │ View in Emulator UI             │
├───────────┼────────────────┼─────────────────────────────────┤
│ Functions │ localhost:5001 │ http://localhost:4001/functions │
├───────────┼────────────────┼─────────────────────────────────┤
│ Hosting   │ localhost:5000 │ n/a                             │
└───────────┴────────────────┴─────────────────────────────────┘
  Emulator Hub running at localhost:4400
  Other reserved ports: 4500

Issues? Report them at https://github.com/firebase/firebase-tools/issues and attach the *-debug.log files.
 
[debug] [2021-01-29T10:54:09.618Z] [worker-~diagnostic~-ad6017d6-11ec-454d-bcf0-afeeb286717d]: IDLE {"metadata":{"emulator":{"name":"functions"},"message":"[worker-~diagnostic~-ad6017d6-11ec-454d-bcf0-afeeb286717d]: IDLE"}}
[debug] [2021-01-29T10:54:33.646Z] [work-queue] {"queueLength":1,"workRunningCount":0}
[debug] [2021-01-29T10:54:33.647Z] [work-queue] {"queueLength":0,"workRunningCount":1}
[debug] [2021-01-29T10:54:33.647Z] Accepted request POST /clone-1312b/us-central1/api/payment/create?total=113697 --> api
[debug] [2021-01-29T10:54:33.654Z] [worker-pool] addWorker(api) {"metadata":{"emulator":{"name":"functions"},"message":"[worker-pool] addWorker(api)"}}
[debug] [2021-01-29T10:54:33.655Z] [worker-pool] Adding worker with key api, total=1 {"metadata":{"emulator":{"name":"functions"},"message":"[worker-pool] Adding worker with key api, total=1"}}
[debug] [2021-01-29T10:54:33.655Z] [worker-pool] submitWork(triggerId=api) {"metadata":{"emulator":{"name":"functions"},"message":"[worker-pool] submitWork(triggerId=api)"}}
[debug] [2021-01-29T10:54:33.655Z] [worker-api-d280ac9f-a27a-4348-87a6-3a0553f03da0]: Assigning socketPath: \\?\pipe\C:\Users\prince\Documents\GitHub Projects\amazon_clone\functions\20716 {"metadata":{"emulator":{"name":"functions"},"message":"[worker-api-d280ac9f-a27a-4348-87a6-3a0553f03da0]: Assigning socketPath: \\\\?\\pipe\\C:\\Users\\prince\\Documents\\GitHub Projects\\amazon_clone\\functions\\20716"}}
[debug] [2021-01-29T10:54:33.655Z] [worker-api-d280ac9f-a27a-4348-87a6-3a0553f03da0]: BUSY {"metadata":{"emulator":{"name":"functions"},"message":"[worker-api-d280ac9f-a27a-4348-87a6-3a0553f03da0]: BUSY"}}
[debug] [2021-01-29T10:54:33.870Z] [runtime-status] [20716] Functions runtime initialized. {"cwd":"C:\\Users\\prince\\Documents\\GitHub Projects\\amazon_clone\\functions","node_version":"12.13.1"} {"metadata":{"emulator":{"name":"functions"},"function":{"name":"api"},"message":"[runtime-status] [20716] Functions runtime initialized. {\"cwd\":\"C:\\\\Users\\\\prince\\\\Documents\\\\GitHub Projects\\\\amazon_clone\\\\functions\",\"node_version\":\"12.13.1\"}"}}
[debug] [2021-01-29T10:54:33.871Z] [runtime-status] [20716] Disabled runtime features: undefined {"metadata":{"emulator":{"name":"functions"},"function":{"name":"api"},"message":"[runtime-status] [20716] Disabled runtime features: undefined"}}
[debug] [2021-01-29T10:54:33.874Z] [runtime-status] [20716] Resolved module firebase-admin {"declared":true,"installed":true,"version":"9.4.2","resolution":"C:\\Users\\prince\\Documents\\GitHub Projects\\amazon_clone\\functions\\node_modules\\firebase-admin\\lib\\index.js"} {"metadata":{"emulator":{"name":"functions"},"function":{"name":"api"},"message":"[runtime-status] [20716] Resolved module firebase-admin {\"declared\":true,\"installed\":true,\"version\":\"9.4.2\",\"resolution\":\"C:\\\\Users\\\\prince\\\\Documents\\\\GitHub Projects\\\\amazon_clone\\\\functions\\\\node_modules\\\\firebase-admin\\\\lib\\\\index.js\"}"}}
[debug] [2021-01-29T10:54:33.875Z] [runtime-status] [20716] Resolved module firebase-functions {"declared":true,"installed":true,"version":"3.13.1","resolution":"C:\\Users\\prince\\Documents\\GitHub Projects\\amazon_clone\\functions\\node_modules\\firebase-functions\\lib\\index.js"} {"metadata":{"emulator":{"name":"functions"},"function":{"name":"api"},"message":"[runtime-status] [20716] Resolved module firebase-functions {\"declared\":true,\"installed\":true,\"version\":\"3.13.1\",\"resolution\":\"C:\\\\Users\\\\prince\\\\Documents\\\\GitHub Projects\\\\amazon_clone\\\\functions\\\\node_modules\\\\firebase-functions\\\\lib\\\\index.js\"}"}}
[debug] [2021-01-29T10:54:33.876Z] [runtime-status] [20716] Resolved module firebase-functions {"declared":true,"installed":true,"version":"3.13.1","resolution":"C:\\Users\\prince\\Documents\\GitHub Projects\\amazon_clone\\functions\\node_modules\\firebase-functions\\lib\\index.js"} {"metadata":{"emulator":{"name":"functions"},"function":{"name":"api"},"message":"[runtime-status] [20716] Resolved module firebase-functions {\"declared\":true,\"installed\":true,\"version\":\"3.13.1\",\"resolution\":\"C:\\\\Users\\\\prince\\\\Documents\\\\GitHub Projects\\\\amazon_clone\\\\functions\\\\node_modules\\\\firebase-functions\\\\lib\\\\index.js\"}"}}
[debug] [2021-01-29T10:54:33.877Z] [runtime-status] [20716] Outgoing network have been stubbed. [{"name":"http","status":"mocked"},{"name":"http","status":"mocked"},{"name":"https","status":"mocked"},{"name":"https","status":"mocked"},{"name":"net","status":"mocked"}] {"metadata":{"emulator":{"name":"functions"},"function":{"name":"api"},"message":"[runtime-status] [20716] Outgoing network have been stubbed. [{\"name\":\"http\",\"status\":\"mocked\"},{\"name\":\"http\",\"status\":\"mocked\"},{\"name\":\"https\",\"status\":\"mocked\"},{\"name\":\"https\",\"status\":\"mocked\"},{\"name\":\"net\",\"status\":\"mocked\"}]"}}
[debug] [2021-01-29T10:54:33.877Z] [runtime-status] [20716] Resolved module firebase-functions {"declared":true,"installed":true,"version":"3.13.1","resolution":"C:\\Users\\prince\\Documents\\GitHub Projects\\amazon_clone\\functions\\node_modules\\firebase-functions\\lib\\index.js"} {"metadata":{"emulator":{"name":"functions"},"function":{"name":"api"},"message":"[runtime-status] [20716] Resolved module firebase-functions {\"declared\":true,\"installed\":true,\"version\":\"3.13.1\",\"resolution\":\"C:\\\\Users\\\\prince\\\\Documents\\\\GitHub Projects\\\\amazon_clone\\\\functions\\\\node_modules\\\\firebase-functions\\\\lib\\\\index.js\"}"}}
[debug] [2021-01-29T10:54:33.915Z] [runtime-status] [20716] Checked functions.config() {"config":{}} {"metadata":{"emulator":{"name":"functions"},"function":{"name":"api"},"message":"[runtime-status] [20716] Checked functions.config() {\"config\":{}}"}}
[debug] [2021-01-29T10:54:33.916Z] [runtime-status] [20716] firebase-functions has been stubbed. {"functionsResolution":{"declared":true,"installed":true,"version":"3.13.1","resolution":"C:\\Users\\prince\\Documents\\GitHub Projects\\amazon_clone\\functions\\node_modules\\firebase-functions\\lib\\index.js"}} {"metadata":{"emulator":{"name":"functions"},"function":{"name":"api"},"message":"[runtime-status] [20716] firebase-functions has been stubbed. {\"functionsResolution\":{\"declared\":true,\"installed\":true,\"version\":\"3.13.1\",\"resolution\":\"C:\\\\Users\\\\prince\\\\Documents\\\\GitHub Projects\\\\amazon_clone\\\\functions\\\\node_modules\\\\firebase-functions\\\\lib\\\\index.js\"}}"}}
[debug] [2021-01-29T10:54:33.916Z] [runtime-status] [20716] Resolved module firebase-functions {"declared":true,"installed":true,"version":"3.13.1","resolution":"C:\\Users\\prince\\Documents\\GitHub Projects\\amazon_clone\\functions\\node_modules\\firebase-functions\\lib\\index.js"} {"metadata":{"emulator":{"name":"functions"},"function":{"name":"api"},"message":"[runtime-status] [20716] Resolved module firebase-functions {\"declared\":true,\"installed\":true,\"version\":\"3.13.1\",\"resolution\":\"C:\\\\Users\\\\prince\\\\Documents\\\\GitHub Projects\\\\amazon_clone\\\\functions\\\\node_modules\\\\firebase-functions\\\\lib\\\\index.js\"}"}}
[debug] [2021-01-29T10:54:33.917Z] [runtime-status] [20716] Resolved module firebase-admin {"declared":true,"installed":true,"version":"9.4.2","resolution":"C:\\Users\\prince\\Documents\\GitHub Projects\\amazon_clone\\functions\\node_modules\\firebase-admin\\lib\\index.js"} {"metadata":{"emulator":{"name":"functions"},"function":{"name":"api"},"message":"[runtime-status] [20716] Resolved module firebase-admin {\"declared\":true,\"installed\":true,\"version\":\"9.4.2\",\"resolution\":\"C:\\\\Users\\\\prince\\\\Documents\\\\GitHub Projects\\\\amazon_clone\\\\functions\\\\node_modules\\\\firebase-admin\\\\lib\\\\index.js\"}"}}
[debug] [2021-01-29T10:54:33.917Z] [runtime-status] [20716] Resolved module firebase-functions {"declared":true,"installed":true,"version":"3.13.1","resolution":"C:\\Users\\prince\\Documents\\GitHub Projects\\amazon_clone\\functions\\node_modules\\firebase-functions\\lib\\index.js"} {"metadata":{"emulator":{"name":"functions"},"function":{"name":"api"},"message":"[runtime-status] [20716] Resolved module firebase-functions {\"declared\":true,\"installed\":true,\"version\":\"3.13.1\",\"resolution\":\"C:\\\\Users\\\\prince\\\\Documents\\\\GitHub Projects\\\\amazon_clone\\\\functions\\\\node_modules\\\\firebase-functions\\\\lib\\\\index.js\"}"}}
[debug] [2021-01-29T10:54:33.917Z] [runtime-status] [20716] firebase-admin has been stubbed. {"adminResolution":{"declared":true,"installed":true,"version":"9.4.2","resolution":"C:\\Users\\prince\\Documents\\GitHub Projects\\amazon_clone\\functions\\node_modules\\firebase-admin\\lib\\index.js"}} {"metadata":{"emulator":{"name":"functions"},"function":{"name":"api"},"message":"[runtime-status] [20716] firebase-admin has been stubbed. {\"adminResolution\":{\"declared\":true,\"installed\":true,\"version\":\"9.4.2\",\"resolution\":\"C:\\\\Users\\\\prince\\\\Documents\\\\GitHub Projects\\\\amazon_clone\\\\functions\\\\node_modules\\\\firebase-admin\\\\lib\\\\index.js\"}}"}}
[debug] [2021-01-29T10:54:34.046Z] [runtime-status] [20716] Trigger "api" has been found, beginning invocation! {"metadata":{"emulator":{"name":"functions"},"function":{"name":"api"},"message":"[runtime-status] [20716] Trigger \"api\" has been found, beginning invocation!"}}
[info] i  functions: Beginning execution of "api" {"metadata":{"emulator":{"name":"functions"},"function":{"name":"api"},"message":"Beginning execution of \"api\""}}
[debug] [2021-01-29T10:54:34.048Z] [runtime-status] [20716] triggerDefinition {"httpsTrigger":{},"name":"api","entryPoint":"api"} {"metadata":{"emulator":{"name":"functions"},"function":{"name":"api"},"message":"[runtime-status] [20716] triggerDefinition {\"httpsTrigger\":{},\"name\":\"api\",\"entryPoint\":\"api\"}"}}
[debug] [2021-01-29T10:54:34.048Z] [runtime-status] [20716] Running api in mode HTTPS {"metadata":{"emulator":{"name":"functions"},"function":{"name":"api"},"message":"[runtime-status] [20716] Running api in mode HTTPS"}}
[debug] [2021-01-29T10:54:34.050Z] [runtime-status] [20716] Attempting to listen to socketPath: \\?\pipe\C:\Users\prince\Documents\GitHub Projects\amazon_clone\functions\20716 {"metadata":{"emulator":{"name":"functions"},"function":{"name":"api"},"message":"[runtime-status] [20716] Attempting to listen to socketPath: \\\\?\\pipe\\C:\\Users\\prince\\Documents\\GitHub Projects\\amazon_clone\\functions\\20716"}}
[debug] [2021-01-29T10:54:34.053Z] [functions] Runtime ready! Sending request! {"metadata":{"emulator":{"name":"functions"},"message":"[functions] Runtime ready! Sending request!"}}
[debug] [2021-01-29T10:54:34.054Z] [functions] Got req.url=/clone-1312b/us-central1/api/payment/create?total=113697, mapping to path=/payment/create?total=113697 {"metadata":{"emulator":{"name":"functions"},"message":"[functions] Got req.url=/clone-1312b/us-central1/api/payment/create?total=113697, mapping to path=/payment/create?total=113697"}}
[debug] [2021-01-29T10:54:34.061Z] [runtime-status] [20716] Ephemeral server handling POST request {"metadata":{"emulator":{"name":"functions"},"function":{"name":"api"},"message":"[runtime-status] [20716] Ephemeral server handling POST request"}}
[info] >  the total amount is >>>>>>>>> 113697 {"user":"the total amount is >>>>>>>>> 113697","metadata":{"emulator":{"name":"functions"},"function":{"name":"api"},"message":"\u001b[90m> \u001b[39m the total amount is >>>>>>>>> 113697"}}
[debug] [2021-01-29T10:54:34.077Z] [runtime-status] [20716] Ephemeral server survived. {"metadata":{"emulator":{"name":"functions"},"function":{"name":"api"},"message":"[runtime-status] [20716] Ephemeral server survived."}}
[info] i  functions: Finished "api" in ~1s {"metadata":{"emulator":{"name":"functions"},"function":{"name":"api"},"message":"Finished \"api\" in ~1s"}}
[debug] [2021-01-29T10:54:35.277Z] [worker-api-d280ac9f-a27a-4348-87a6-3a0553f03da0]: IDLE {"metadata":{"emulator":{"name":"functions"},"message":"[worker-api-d280ac9f-a27a-4348-87a6-3a0553f03da0]: IDLE"}}
[debug] [2021-01-29T10:54:35.277Z] [work-queue] {"queueLength":0,"workRunningCount":0}
[debug] [2021-01-29T12:34:16.936Z] [work-queue] {"queueLength":1,"workRunningCount":0}
[debug] [2021-01-29T12:34:16.940Z] [work-queue] {"queueLength":0,"workRunningCount":1}
[debug] [2021-01-29T12:34:16.941Z] Accepted request POST /clone-1312b/us-central1/api/payment/create?total=141498 --> api
[debug] [2021-01-29T12:34:16.942Z] [worker-pool] submitWork(triggerId=api) {"metadata":{"emulator":{"name":"functions"},"message":"[worker-pool] submitWork(triggerId=api)"}}
[debug] [2021-01-29T12:34:16.943Z] [worker-api-d280ac9f-a27a-4348-87a6-3a0553f03da0]: Assigning socketPath: \\?\pipe\C:\Users\prince\Documents\GitHub Projects\amazon_clone\functions\20716 {"metadata":{"emulator":{"name":"functions"},"message":"[worker-api-d280ac9f-a27a-4348-87a6-3a0553f03da0]: Assigning socketPath: \\\\?\\pipe\\C:\\Users\\prince\\Documents\\GitHub Projects\\amazon_clone\\functions\\20716"}}
[debug] [2021-01-29T12:34:16.958Z] [worker-api-d280ac9f-a27a-4348-87a6-3a0553f03da0]: BUSY {"metadata":{"emulator":{"name":"functions"},"message":"[worker-api-d280ac9f-a27a-4348-87a6-3a0553f03da0]: BUSY"}}
[debug] [2021-01-29T12:34:16.969Z] [runtime-status] [20716] Trigger "api" has been found, beginning invocation! {"metadata":{"emulator":{"name":"functions"},"function":{"name":"api"},"message":"[runtime-status] [20716] Trigger \"api\" has been found, beginning invocation!"}}
[info] i  functions: Beginning execution of "api" {"metadata":{"emulator":{"name":"functions"},"function":{"name":"api"},"message":"Beginning execution of \"api\""}}
[debug] [2021-01-29T12:34:16.974Z] [runtime-status] [20716] triggerDefinition {"httpsTrigger":{},"name":"api","entryPoint":"api"} {"metadata":{"emulator":{"name":"functions"},"function":{"name":"api"},"message":"[runtime-status] [20716] triggerDefinition {\"httpsTrigger\":{},\"name\":\"api\",\"entryPoint\":\"api\"}"}}
[debug] [2021-01-29T12:34:16.974Z] [runtime-status] [20716] Running api in mode HTTPS {"metadata":{"emulator":{"name":"functions"},"function":{"name":"api"},"message":"[runtime-status] [20716] Running api in mode HTTPS"}}
[debug] [2021-01-29T12:34:16.976Z] [runtime-status] [20716] Attempting to listen to socketPath: \\?\pipe\C:\Users\prince\Documents\GitHub Projects\amazon_clone\functions\20716 {"metadata":{"emulator":{"name":"functions"},"function":{"name":"api"},"message":"[runtime-status] [20716] Attempting to listen to socketPath: \\\\?\\pipe\\C:\\Users\\prince\\Documents\\GitHub Projects\\amazon_clone\\functions\\20716"}}
[debug] [2021-01-29T12:34:16.981Z] [functions] Runtime ready! Sending request! {"metadata":{"emulator":{"name":"functions"},"message":"[functions] Runtime ready! Sending request!"}}
[debug] [2021-01-29T12:34:16.981Z] [functions] Got req.url=/clone-1312b/us-central1/api/payment/create?total=141498, mapping to path=/payment/create?total=141498 {"metadata":{"emulator":{"name":"functions"},"message":"[functions] Got req.url=/clone-1312b/us-central1/api/payment/create?total=141498, mapping to path=/payment/create?total=141498"}}
[debug] [2021-01-29T12:34:16.988Z] [runtime-status] [20716] Ephemeral server handling POST request {"metadata":{"emulator":{"name":"functions"},"function":{"name":"api"},"message":"[runtime-status] [20716] Ephemeral server handling POST request"}}
[info] >  the total amount is >>>>>>>>> 141498 {"user":"the total amount is >>>>>>>>> 141498","metadata":{"emulator":{"name":"functions"},"function":{"name":"api"},"message":"\u001b[90m> \u001b[39m the total amount is >>>>>>>>> 141498"}}
[debug] [2021-01-29T12:34:16.993Z] [runtime-status] [20716] Ephemeral server survived. {"metadata":{"emulator":{"name":"functions"},"function":{"name":"api"},"message":"[runtime-status] [20716] Ephemeral server survived."}}
[info] i  functions: Finished "api" in ~1s {"metadata":{"emulator":{"name":"functions"},"function":{"name":"api"},"message":"Finished \"api\" in ~1s"}}
[debug] [2021-01-29T12:34:17.944Z] [worker-api-d280ac9f-a27a-4348-87a6-3a0553f03da0]: IDLE {"metadata":{"emulator":{"name":"functions"},"message":"[worker-api-d280ac9f-a27a-4348-87a6-3a0553f03da0]: IDLE"}}
[debug] [2021-01-29T12:34:17.944Z] [work-queue] {"queueLength":0,"workRunningCount":0}
[debug] [2021-01-29T15:47:55.016Z] [work-queue] {"queueLength":1,"workRunningCount":0}
[debug] [2021-01-29T15:47:55.018Z] [work-queue] {"queueLength":0,"workRunningCount":1}
[debug] [2021-01-29T15:47:55.019Z] Accepted request POST /clone-1312b/us-central1/api/payment/create?total=109796 --> api
[debug] [2021-01-29T15:47:55.019Z] [worker-pool] submitWork(triggerId=api) {"metadata":{"emulator":{"name":"functions"},"message":"[worker-pool] submitWork(triggerId=api)"}}
[debug] [2021-01-29T15:47:55.020Z] [worker-api-d280ac9f-a27a-4348-87a6-3a0553f03da0]: Assigning socketPath: \\?\pipe\C:\Users\prince\Documents\GitHub Projects\amazon_clone\functions\20716 {"metadata":{"emulator":{"name":"functions"},"message":"[worker-api-d280ac9f-a27a-4348-87a6-3a0553f03da0]: Assigning socketPath: \\\\?\\pipe\\C:\\Users\\prince\\Documents\\GitHub Projects\\amazon_clone\\functions\\20716"}}
[debug] [2021-01-29T15:47:55.020Z] [worker-api-d280ac9f-a27a-4348-87a6-3a0553f03da0]: BUSY {"metadata":{"emulator":{"name":"functions"},"message":"[worker-api-d280ac9f-a27a-4348-87a6-3a0553f03da0]: BUSY"}}
[debug] [2021-01-29T15:47:55.029Z] [runtime-status] [20716] Trigger "api" has been found, beginning invocation! {"metadata":{"emulator":{"name":"functions"},"function":{"name":"api"},"message":"[runtime-status] [20716] Trigger \"api\" has been found, beginning invocation!"}}
[info] i  functions: Beginning execution of "api" {"metadata":{"emulator":{"name":"functions"},"function":{"name":"api"},"message":"Beginning execution of \"api\""}}
[debug] [2021-01-29T15:47:55.033Z] [runtime-status] [20716] triggerDefinition {"httpsTrigger":{},"name":"api","entryPoint":"api"} {"metadata":{"emulator":{"name":"functions"},"function":{"name":"api"},"message":"[runtime-status] [20716] triggerDefinition {\"httpsTrigger\":{},\"name\":\"api\",\"entryPoint\":\"api\"}"}}
[debug] [2021-01-29T15:47:55.033Z] [runtime-status] [20716] Running api in mode HTTPS {"metadata":{"emulator":{"name":"functions"},"function":{"name":"api"},"message":"[runtime-status] [20716] Running api in mode HTTPS"}}
[debug] [2021-01-29T15:47:55.035Z] [runtime-status] [20716] Attempting to listen to socketPath: \\?\pipe\C:\Users\prince\Documents\GitHub Projects\amazon_clone\functions\20716 {"metadata":{"emulator":{"name":"functions"},"function":{"name":"api"},"message":"[runtime-status] [20716] Attempting to listen to socketPath: \\\\?\\pipe\\C:\\Users\\prince\\Documents\\GitHub Projects\\amazon_clone\\functions\\20716"}}
[debug] [2021-01-29T15:47:55.039Z] [functions] Runtime ready! Sending request! {"metadata":{"emulator":{"name":"functions"},"message":"[functions] Runtime ready! Sending request!"}}
[debug] [2021-01-29T15:47:55.039Z] [functions] Got req.url=/clone-1312b/us-central1/api/payment/create?total=109796, mapping to path=/payment/create?total=109796 {"metadata":{"emulator":{"name":"functions"},"message":"[functions] Got req.url=/clone-1312b/us-central1/api/payment/create?total=109796, mapping to path=/payment/create?total=109796"}}
[debug] [2021-01-29T15:47:55.047Z] [runtime-status] [20716] Ephemeral server handling POST request {"metadata":{"emulator":{"name":"functions"},"function":{"name":"api"},"message":"[runtime-status] [20716] Ephemeral server handling POST request"}}
[info] >  the total amount is >>>>>>>>> 109796 {"user":"the total amount is >>>>>>>>> 109796","metadata":{"emulator":{"name":"functions"},"function":{"name":"api"},"message":"\u001b[90m> \u001b[39m the total amount is >>>>>>>>> 109796"}}
[debug] [2021-01-29T15:47:55.052Z] [runtime-status] [20716] Ephemeral server survived. {"metadata":{"emulator":{"name":"functions"},"function":{"name":"api"},"message":"[runtime-status] [20716] Ephemeral server survived."}}
[info] i  functions: Finished "api" in ~1s {"metadata":{"emulator":{"name":"functions"},"function":{"name":"api"},"message":"Finished \"api\" in ~1s"}}
[debug] [2021-01-29T15:47:56.798Z] [worker-api-d280ac9f-a27a-4348-87a6-3a0553f03da0]: IDLE {"metadata":{"emulator":{"name":"functions"},"message":"[worker-api-d280ac9f-a27a-4348-87a6-3a0553f03da0]: IDLE"}}
[debug] [2021-01-29T15:47:56.799Z] [work-queue] {"queueLength":0,"workRunningCount":0}
[debug] [2021-01-29T16:02:32.044Z] [work-queue] {"queueLength":1,"workRunningCount":0}
[debug] [2021-01-29T16:02:32.044Z] [work-queue] {"queueLength":0,"workRunningCount":1}
[debug] [2021-01-29T16:02:32.045Z] Accepted request POST /clone-1312b/us-central1/api/payment/create?total=109796 --> api
[debug] [2021-01-29T16:02:32.045Z] [worker-pool] submitWork(triggerId=api) {"metadata":{"emulator":{"name":"functions"},"message":"[worker-pool] submitWork(triggerId=api)"}}
[debug] [2021-01-29T16:02:32.045Z] [worker-api-d280ac9f-a27a-4348-87a6-3a0553f03da0]: Assigning socketPath: \\?\pipe\C:\Users\prince\Documents\GitHub Projects\amazon_clone\functions\20716 {"metadata":{"emulator":{"name":"functions"},"message":"[worker-api-d280ac9f-a27a-4348-87a6-3a0553f03da0]: Assigning socketPath: \\\\?\\pipe\\C:\\Users\\prince\\Documents\\GitHub Projects\\amazon_clone\\functions\\20716"}}
[debug] [2021-01-29T16:02:32.045Z] [worker-api-d280ac9f-a27a-4348-87a6-3a0553f03da0]: BUSY {"metadata":{"emulator":{"name":"functions"},"message":"[worker-api-d280ac9f-a27a-4348-87a6-3a0553f03da0]: BUSY"}}
[debug] [2021-01-29T16:02:32.046Z] [runtime-status] [20716] Trigger "api" has been found, beginning invocation! {"metadata":{"emulator":{"name":"functions"},"function":{"name":"api"},"message":"[runtime-status] [20716] Trigger \"api\" has been found, beginning invocation!"}}
[info] i  functions: Beginning execution of "api" {"metadata":{"emulator":{"name":"functions"},"function":{"name":"api"},"message":"Beginning execution of \"api\""}}
[debug] [2021-01-29T16:02:32.047Z] [runtime-status] [20716] triggerDefinition {"httpsTrigger":{},"name":"api","entryPoint":"api"} {"metadata":{"emulator":{"name":"functions"},"function":{"name":"api"},"message":"[runtime-status] [20716] triggerDefinition {\"httpsTrigger\":{},\"name\":\"api\",\"entryPoint\":\"api\"}"}}
[debug] [2021-01-29T16:02:32.047Z] [runtime-status] [20716] Running api in mode HTTPS {"metadata":{"emulator":{"name":"functions"},"function":{"name":"api"},"message":"[runtime-status] [20716] Running api in mode HTTPS"}}
[debug] [2021-01-29T16:02:32.047Z] [runtime-status] [20716] Attempting to listen to socketPath: \\?\pipe\C:\Users\prince\Documents\GitHub Projects\amazon_clone\functions\20716 {"metadata":{"emulator":{"name":"functions"},"function":{"name":"api"},"message":"[runtime-status] [20716] Attempting to listen to socketPath: \\\\?\\pipe\\C:\\Users\\prince\\Documents\\GitHub Projects\\amazon_clone\\functions\\20716"}}
[debug] [2021-01-29T16:02:32.048Z] [functions] Runtime ready! Sending request! {"metadata":{"emulator":{"name":"functions"},"message":"[functions] Runtime ready! Sending request!"}}
[debug] [2021-01-29T16:02:32.048Z] [functions] Got req.url=/clone-1312b/us-central1/api/payment/create?total=109796, mapping to path=/payment/create?total=109796 {"metadata":{"emulator":{"name":"functions"},"message":"[functions] Got req.url=/clone-1312b/us-central1/api/payment/create?total=109796, mapping to path=/payment/create?total=109796"}}
[debug] [2021-01-29T16:02:32.051Z] [runtime-status] [20716] Ephemeral server handling POST request {"metadata":{"emulator":{"name":"functions"},"function":{"name":"api"},"message":"[runtime-status] [20716] Ephemeral server handling POST request"}}
[info] >  the total amount is >>>>>>>>> 109796 {"user":"the total amount is >>>>>>>>> 109796","metadata":{"emulator":{"name":"functions"},"function":{"name":"api"},"message":"\u001b[90m> \u001b[39m the total amount is >>>>>>>>> 109796"}}
[debug] [2021-01-29T16:02:32.055Z] [runtime-status] [20716] Ephemeral server survived. {"metadata":{"emulator":{"name":"functions"},"function":{"name":"api"},"message":"[runtime-status] [20716] Ephemeral server survived."}}
[info] i  functions: Finished "api" in ~1s {"metadata":{"emulator":{"name":"functions"},"function":{"name":"api"},"message":"Finished \"api\" in ~1s"}}
[debug] [2021-01-29T16:02:33.023Z] [worker-api-d280ac9f-a27a-4348-87a6-3a0553f03da0]: IDLE {"metadata":{"emulator":{"name":"functions"},"message":"[worker-api-d280ac9f-a27a-4348-87a6-3a0553f03da0]: IDLE"}}
[debug] [2021-01-29T16:02:33.023Z] [work-queue] {"queueLength":0,"workRunningCount":0}
